0 info it worked if it ends with ok
1 verbose cli [ 'C:\\Program Files\\nodejs\\\\node.exe',
1 verbose cli   'C:\\Program Files\\nodejs\\node_modules\\npm\\bin\\npm-cli.js',
1 verbose cli   'install',
1 verbose cli   'temboo' ]
2 info using npm@1.1.62
3 info using node@v0.8.11
4 verbose node symlink C:\Program Files\nodejs\\node.exe
5 verbose read json C:\Users\t3dw4rd0\Documents\GitHub\fitbitCompleter\package.json
6 verbose read json C:\Users\t3dw4rd0\Documents\GitHub\fitbitCompleter\node_modules\express\package.json
7 verbose read json C:\Users\t3dw4rd0\Documents\GitHub\fitbitCompleter\node_modules\mongodb\package.json
8 verbose read json C:\Users\t3dw4rd0\Documents\GitHub\fitbitCompleter\node_modules\node\package.json
9 verbose read json C:\Users\t3dw4rd0\Documents\GitHub\fitbitCompleter\node_modules\temboo\package.json
10 verbose read json C:\Users\t3dw4rd0\Documents\GitHub\fitbitCompleter\node_modules\typescript\package.json
11 verbose from cache C:\Users\t3dw4rd0\Documents\GitHub\fitbitCompleter\package.json
12 verbose readDependencies using package.json deps
13 verbose cache add [ 'temboo', null ]
14 silly cache add name=undefined spec="temboo" args=["temboo",null]
15 verbose parsed url { pathname: 'temboo', path: 'temboo', href: 'temboo' }
16 silly lockFile ae25764e-temboo temboo
17 verbose lock temboo C:\Users\t3dw4rd0\AppData\Roaming\npm-cache\ae25764e-temboo.lock
18 silly lockFile ae25764e-temboo temboo
19 verbose addNamed [ 'temboo', '' ]
20 verbose addNamed [ null, '' ]
21 silly lockFile 76311af9-temboo temboo@
22 verbose lock temboo@ C:\Users\t3dw4rd0\AppData\Roaming\npm-cache\76311af9-temboo.lock
23 silly addNameRange { name: 'temboo', range: '', hasData: false }
24 verbose url raw temboo
25 verbose url resolving [ 'https://registry.npmjs.org/', './temboo' ]
26 verbose url resolved https://registry.npmjs.org/temboo
27 info trying registry request attempt 1 at 19:05:44
28 http GET https://registry.npmjs.org/temboo
29 http 404 https://registry.npmjs.org/temboo
30 silly registry.get cb [ 404,
30 silly registry.get   { server: 'CouchDB/1.3.0 (Erlang OTP/R15B03)',
30 silly registry.get     date: 'Wed, 17 Apr 2013 23:05:48 GMT',
30 silly registry.get     'content-type': 'application/json',
30 silly registry.get     'content-length': '52',
30 silly registry.get     'cache-control': 'must-revalidate' } ]
31 silly lockFile 76311af9-temboo temboo@
32 error 404 'temboo' is not in the npm registry.
32 error 404 You should bug the author to publish it
32 error 404
32 error 404 Note that you can also install from a
32 error 404 tarball, folder, or http url, or git url.
33 error System Windows_NT 6.1.7601
34 error command "C:\\Program Files\\nodejs\\\\node.exe" "C:\\Program Files\\nodejs\\node_modules\\npm\\bin\\npm-cli.js" "install" "temboo"
35 error cwd C:\Users\t3dw4rd0\Documents\GitHub\fitbitCompleter
36 error node -v v0.8.11
37 error npm -v 1.1.62
38 error code E404
39 verbose exit [ 1, true ]
